<?xml version="1.0" encoding="UTF-8"?>
<testsuites name="jest tests" tests="5" failures="0" errors="0" time="6.446">
  <testsuite name="AppComponent" errors="0" failures="0" skipped="0" timestamp="2020-11-13T14:12:29" time="4.745" tests="4">
    <testcase classname="AppComponent" name="should create the app" time="0.183">
    </testcase>
    <testcase classname="AppComponent" name="should have as title &apos;angular10-jest&apos;" time="0.101">
    </testcase>
    <testcase classname="AppComponent" name="should render title" time="2.349">
    </testcase>
    <testcase classname="AppComponent" name="should have correct background color" time="0.074">
    </testcase>
  </testsuite>
  <testsuite name="SampleComponent" errors="0" failures="0" skipped="0" timestamp="2020-11-13T14:12:34" time="0.616" tests="1">
    <testcase classname="SampleComponent" name="should create" time="0.049">
    </testcase>
  </testsuite>
</testsuites>