<?xml version="1.0" encoding="UTF-8"?>
<testsuites name="jest tests" tests="4" failures="0" errors="0" time="14">
  <testsuite name="AppComponent" errors="0" failures="0" skipped="0" timestamp="2020-11-13T14:09:50" time="12.897" tests="4">
    <testcase classname="AppComponent" name="should create the app" time="0.207">
    </testcase>
    <testcase classname="AppComponent" name="should have as title &apos;angular10-jest&apos;" time="0.103">
    </testcase>
    <testcase classname="AppComponent" name="should render title" time="10.418">
    </testcase>
    <testcase classname="AppComponent" name="should have correct background color" time="0.074">
    </testcase>
  </testsuite>
</testsuites>