<?xml version="1.0" encoding="UTF-8"?>
<testsuites name="jest tests" tests="4" failures="0" errors="0" time="5.962">
  <testsuite name="AppComponent" errors="0" failures="0" skipped="0" timestamp="2020-11-13T14:10:43" time="4.902" tests="4">
    <testcase classname="AppComponent" name="should create the app" time="0.181">
    </testcase>
    <testcase classname="AppComponent" name="should have as title &apos;angular10-jest&apos;" time="0.1">
    </testcase>
    <testcase classname="AppComponent" name="should render title" time="2.537">
    </testcase>
    <testcase classname="AppComponent" name="should have correct background color" time="0.079">
    </testcase>
  </testsuite>
</testsuites>