<?xml version="1.0" encoding="UTF-8"?>
<testsuites name="jest tests" tests="5" failures="0" errors="0" time="8.667">
  <testsuite name="AppComponent" errors="0" failures="0" skipped="0" timestamp="2020-11-13T14:11:48" time="5.237" tests="4">
    <testcase classname="AppComponent" name="should create the app" time="0.183">
    </testcase>
    <testcase classname="AppComponent" name="should have as title &apos;angular10-jest&apos;" time="0.1">
    </testcase>
    <testcase classname="AppComponent" name="should render title" time="2.872">
    </testcase>
    <testcase classname="AppComponent" name="should have correct background color" time="0.08">
    </testcase>
  </testsuite>
  <testsuite name="SampleComponent" errors="0" failures="0" skipped="0" timestamp="2020-11-13T14:11:53" time="2.382" tests="1">
    <testcase classname="SampleComponent" name="should create" time="0.045">
    </testcase>
  </testsuite>
</testsuites>