<?xml version="1.0" encoding="UTF-8"?>
<testsuites name="jest tests" tests="5" failures="0" errors="0" time="3.737">
  <testsuite name="SampleComponent" errors="0" failures="0" skipped="0" timestamp="2020-11-13T14:30:28" time="1.56" tests="1">
    <testcase classname="SampleComponent" name="should create" time="0.06">
    </testcase>
  </testsuite>
  <testsuite name="AppComponent" errors="0" failures="0" skipped="0" timestamp="2020-11-13T14:30:28" time="1.969" tests="4">
    <testcase classname="AppComponent" name="should create the app" time="0.192">
    </testcase>
    <testcase classname="AppComponent" name="should have as title &apos;angular10-jest&apos;" time="0.102">
    </testcase>
    <testcase classname="AppComponent" name="should render title" time="0.077">
    </testcase>
    <testcase classname="AppComponent" name="should have correct background color" time="0.064">
    </testcase>
  </testsuite>
</testsuites>