<?xml version="1.0" encoding="UTF-8"?>
<testsuites name="jest tests" tests="3" failures="0" errors="0" time="3.01">
  <testsuite name="AppComponent" errors="0" failures="0" skipped="0" timestamp="2020-11-12T13:16:00" time="1.907" tests="3">
    <testcase classname="AppComponent" name="should create the app" time="0.201">
    </testcase>
    <testcase classname="AppComponent" name="should have as title &apos;angular10-jest&apos;" time="0.142">
    </testcase>
    <testcase classname="AppComponent" name="should render title" time="0.084">
    </testcase>
  </testsuite>
</testsuites>