<?xml version="1.0" encoding="UTF-8"?>
<testsuites name="jest tests" tests="5" failures="0" errors="0" time="3.739">
  <testsuite name="SampleComponent" errors="0" failures="0" skipped="0" timestamp="2020-11-13T14:33:55" time="1.54" tests="1">
    <testcase classname="SampleComponent" name="should create" time="0.055">
    </testcase>
  </testsuite>
  <testsuite name="AppComponent" errors="0" failures="0" skipped="0" timestamp="2020-11-13T14:33:55" time="1.945" tests="4">
    <testcase classname="AppComponent" name="should create the app" time="0.183">
    </testcase>
    <testcase classname="AppComponent" name="should have as title &apos;angular10-jest&apos;" time="0.101">
    </testcase>
    <testcase classname="AppComponent" name="should render title" time="0.077">
    </testcase>
    <testcase classname="AppComponent" name="should have correct background color" time="0.065">
    </testcase>
  </testsuite>
</testsuites>