<?xml version="1.0" encoding="UTF-8"?>
<testsuites name="jest tests" tests="3" failures="0" errors="0" time="5.831">
  <testsuite name="AppComponent" errors="0" failures="0" skipped="0" timestamp="2020-11-13T08:33:34" time="5.763" tests="3">
    <testcase classname="AppComponent" name="should create the app" time="0.152">
    </testcase>
    <testcase classname="AppComponent" name="should have as title &apos;angular10-jest&apos;" time="0.137">
    </testcase>
    <testcase classname="AppComponent" name="should render title" time="3.649">
    </testcase>
  </testsuite>
</testsuites>