<?xml version="1.0" encoding="UTF-8"?>
<testsuites name="jest tests" tests="3" failures="0" errors="0" time="2.838">
  <testsuite name="AppComponent" errors="0" failures="0" skipped="0" timestamp="2020-11-12T13:00:00" time="1.798" tests="3">
    <testcase classname="AppComponent" name="should create the app" time="0.198">
    </testcase>
    <testcase classname="AppComponent" name="should have as title &apos;angular10-jest&apos;" time="0.137">
    </testcase>
    <testcase classname="AppComponent" name="should render title" time="0.083">
    </testcase>
  </testsuite>
</testsuites>