<?xml version="1.0" encoding="UTF-8"?>
<testsuites name="jest tests" tests="5" failures="0" errors="0" time="3.07">
  <testsuite name="AppComponent" errors="0" failures="0" skipped="0" timestamp="2020-11-13T14:26:58" time="2.281" tests="4">
    <testcase classname="AppComponent" name="should create the app" time="0.17">
    </testcase>
    <testcase classname="AppComponent" name="should have as title &apos;angular10-jest&apos;" time="0.107">
    </testcase>
    <testcase classname="AppComponent" name="should render title" time="0.086">
    </testcase>
    <testcase classname="AppComponent" name="should have correct background color" time="0.07">
    </testcase>
  </testsuite>
  <testsuite name="SampleComponent" errors="0" failures="0" skipped="0" timestamp="2020-11-13T14:27:00" time="0.692" tests="1">
    <testcase classname="SampleComponent" name="should create" time="0.048">
    </testcase>
  </testsuite>
</testsuites>